build/outputs/logs/manifest-merger-debug-report.txt
-- Merging decision tree log ---
manifest
ADDED from eclipse_colorwork/ColorGame/AndroidManifest.xml:2:1-70:12
	xmlns:android
		ADDED from eclipse_colorwork/ColorGame/AndroidManifest.xml:2:11-69
	package
		ADDED from eclipse_colorwork/ColorGame/AndroidManifest.xml:3:5-34
	android:versionName
		ADDED from eclipse_colorwork/ColorGame/AndroidManifest.xml:5:5-30
		INJECTED from eclipse_colorwork/ColorGame/AndroidManifest.xml
		INJECTED from eclipse_colorwork/ColorGame/AndroidManifest.xml
	android:versionCode
		ADDED from eclipse_colorwork/ColorGame/AndroidManifest.xml:4:5-28
		INJECTED from eclipse_colorwork/ColorGame/AndroidManifest.xml
		INJECTED from eclipse_colorwork/ColorGame/AndroidManifest.xml
uses-sdk
ADDED from eclipse_colorwork/ColorGame/AndroidManifest.xml:7:5-9:41
	android:targetSdkVersion
		ADDED from eclipse_colorwork/ColorGame/AndroidManifest.xml:9:9-38
	android:minSdkVersion
		ADDED from eclipse_colorwork/ColorGame/AndroidManifest.xml:8:9-34
uses-permission#android.permission.VIBRATE
ADDED from eclipse_colorwork/ColorGame/AndroidManifest.xml:12:5-66
	android:name
		ADDED from eclipse_colorwork/ColorGame/AndroidManifest.xml:12:22-63
uses-permission#com.android.launcher.permission.INSTALL_SHORTCUT
ADDED from eclipse_colorwork/ColorGame/AndroidManifest.xml:13:5-88
	android:name
		ADDED from eclipse_colorwork/ColorGame/AndroidManifest.xml:13:22-85
uses-permission#com.android.launcher.permission.UNINSTALL_SHORTCUT
ADDED from eclipse_colorwork/ColorGame/AndroidManifest.xml:14:5-90
	android:name
		ADDED from eclipse_colorwork/ColorGame/AndroidManifest.xml:14:22-87
uses-permission#com.android.launcher.permission.READ_SETTINGS
ADDED from eclipse_colorwork/ColorGame/AndroidManifest.xml:15:5-85
	android:name
		ADDED from eclipse_colorwork/ColorGame/AndroidManifest.xml:15:22-82
uses-permission#android.permission.INTERNET
ADDED from eclipse_colorwork/ColorGame/AndroidManifest.xml:17:5-67
	android:name
		ADDED from eclipse_colorwork/ColorGame/AndroidManifest.xml:17:22-64
uses-permission#android.permission.READ_PHONE_STATE
ADDED from eclipse_colorwork/ColorGame/AndroidManifest.xml:18:5-75
	android:name
		ADDED from eclipse_colorwork/ColorGame/AndroidManifest.xml:18:22-72
uses-permission#android.permission.ACCESS_NETWORK_STATE
ADDED from eclipse_colorwork/ColorGame/AndroidManifest.xml:19:5-79
	android:name
		ADDED from eclipse_colorwork/ColorGame/AndroidManifest.xml:19:22-76
uses-permission#android.permission.ACCESS_WIFI_STATE
ADDED from eclipse_colorwork/ColorGame/AndroidManifest.xml:20:5-76
	android:name
		ADDED from eclipse_colorwork/ColorGame/AndroidManifest.xml:20:22-73
uses-permission#android.permission.WRITE_EXTERNAL_STORAGE
ADDED from eclipse_colorwork/ColorGame/AndroidManifest.xml:21:5-81
	android:name
		ADDED from eclipse_colorwork/ColorGame/AndroidManifest.xml:21:22-78
uses-permission#android.permission.GET_TASKS
ADDED from eclipse_colorwork/ColorGame/AndroidManifest.xml:22:5-68
	android:name
		ADDED from eclipse_colorwork/ColorGame/AndroidManifest.xml:22:22-65
uses-permission#android.permission.ACCESS_FINE_LOCATION
ADDED from eclipse_colorwork/ColorGame/AndroidManifest.xml:24:5-79
	android:name
		ADDED from eclipse_colorwork/ColorGame/AndroidManifest.xml:24:22-76
application
ADDED from eclipse_colorwork/ColorGame/AndroidManifest.xml:26:5-68:19
	android:label
		ADDED from eclipse_colorwork/ColorGame/AndroidManifest.xml:30:9-41
	android:allowBackup
		ADDED from eclipse_colorwork/ColorGame/AndroidManifest.xml:27:9-35
	android:icon
		ADDED from eclipse_colorwork/ColorGame/AndroidManifest.xml:29:9-45
	android:theme
		ADDED from eclipse_colorwork/ColorGame/AndroidManifest.xml:31:9-40
	android:hardwareAccelerated
		ADDED from eclipse_colorwork/ColorGame/AndroidManifest.xml:28:9-43
activity#com.color.WelcomePage
ADDED from eclipse_colorwork/ColorGame/AndroidManifest.xml:32:9-41:20
	android:label
		ADDED from eclipse_colorwork/ColorGame/AndroidManifest.xml:34:13-45
	android:theme
		ADDED from eclipse_colorwork/ColorGame/AndroidManifest.xml:35:13-77
	android:name
		ADDED from eclipse_colorwork/ColorGame/AndroidManifest.xml:33:13-49
intent-filter#android.intent.action.MAIN+android.intent.category.LAUNCHER
ADDED from eclipse_colorwork/ColorGame/AndroidManifest.xml:36:13-40:29
action#android.intent.action.MAIN
ADDED from eclipse_colorwork/ColorGame/AndroidManifest.xml:37:17-69
	android:name
		ADDED from eclipse_colorwork/ColorGame/AndroidManifest.xml:37:25-66
category#android.intent.category.LAUNCHER
ADDED from eclipse_colorwork/ColorGame/AndroidManifest.xml:39:17-77
	android:name
		ADDED from eclipse_colorwork/ColorGame/AndroidManifest.xml:39:27-74
activity#com.color.colorGame.MainActivity
ADDED from eclipse_colorwork/ColorGame/AndroidManifest.xml:42:9-46:20
	android:configChanges
		ADDED from eclipse_colorwork/ColorGame/AndroidManifest.xml:44:13-85
	android:theme
		ADDED from eclipse_colorwork/ColorGame/AndroidManifest.xml:45:13-77
	android:name
		ADDED from eclipse_colorwork/ColorGame/AndroidManifest.xml:43:13-60
activity#com.color.colorGame.GameActivity
ADDED from eclipse_colorwork/ColorGame/AndroidManifest.xml:47:9-50:20
	android:configChanges
		ADDED from eclipse_colorwork/ColorGame/AndroidManifest.xml:49:13-85
	android:name
		ADDED from eclipse_colorwork/ColorGame/AndroidManifest.xml:48:13-60
activity#net.youmi.android.AdBrowser
ADDED from eclipse_colorwork/ColorGame/AndroidManifest.xml:51:9-56:20
	android:screenOrientation
		ADDED from eclipse_colorwork/ColorGame/AndroidManifest.xml:54:13-49
	android:configChanges
		ADDED from eclipse_colorwork/ColorGame/AndroidManifest.xml:53:13-83
	android:theme
		ADDED from eclipse_colorwork/ColorGame/AndroidManifest.xml:55:13-66
	android:name
		ADDED from eclipse_colorwork/ColorGame/AndroidManifest.xml:52:13-55
service#net.youmi.android.AdService
ADDED from eclipse_colorwork/ColorGame/AndroidManifest.xml:58:9-59:19
	android:name
		ADDED from eclipse_colorwork/ColorGame/AndroidManifest.xml:58:18-60
receiver#net.youmi.android.AdReceiver
ADDED from eclipse_colorwork/ColorGame/AndroidManifest.xml:61:9-67:20
	android:name
		ADDED from eclipse_colorwork/ColorGame/AndroidManifest.xml:61:19-62
intent-filter#android.intent.action.PACKAGE_ADDED
ADDED from eclipse_colorwork/ColorGame/AndroidManifest.xml:62:13-66:29
action#android.intent.action.PACKAGE_ADDED
ADDED from eclipse_colorwork/ColorGame/AndroidManifest.xml:63:17-78
	android:name
		ADDED from eclipse_colorwork/ColorGame/AndroidManifest.xml:63:25-75
data
ADDED from eclipse_colorwork/ColorGame/AndroidManifest.xml:65:17-50
	android:scheme
		ADDED from eclipse_colorwork/ColorGame/AndroidManifest.xml:65:23-47